Julia version: 1.5.3
Status `C:\Users\zheng026\.julia\environments\v1.5\Project.toml`
  [16de7d52] PolyOrigin v0.5.0 `https://github.com/chaozhi/PolyOrigin.jl#main`
=================================polyOrigin=================================
PolyOrigin, polyOrigin, logfile=example_output.log, 2020-12-08T11:46:53.868
list of input files: 
genofile = geno.csv
pedfile = ped.csv
file input/output options: 
delimchar = ,
missingstring = NA
commentstring = #
save design plot in C:\Chaozhi\Workspace\JuliaWorkspace\Workspace_Polyploid\PolyOrigin_Examples\example\example_output_plots\example_output_pedigree.png
----------------------------------phasing-----------------------------------
PolyOrigin, polyPhase, logfile=IOStream(<file C:\Chaozhi\Workspace\JuliaWorkspace\Workspace_Polyploid\PolyOrigin_Examples\example\example_output.log>), 2020-12-08T11:46:58.811
list of option values: 
epsilon = 0.01
seqerr = 0.001
chrpairing_phase = 22
byparent = true for simple biparental cross
byneighbor = true for max(ploidy) >= 6
chrsubset = all chromosomes
snpsubset = all markers
isparallel = false
delmarker = true
delsiglevel = 0.05
maxstuck = 5
maxiter = 30
minrun = 3
maxrun = 10
refhapfile = nothing
missingstring = NA
outstem = example_output
logfile = IOStream(<file C:\Chaozhi\Workspace\JuliaWorkspace\Workspace_Polyploid\PolyOrigin_Examples\example\example_output.log>)
workdir = C:\Chaozhi\Workspace\JuliaWorkspace\Workspace_Polyploid\PolyOrigin_Examples\example
verbose = true
data: #pop=4, #parent=3, #offspring=40, #chr=1, #marker=120
phasing connected parents: A, B, C
#chr=A, run=1, it=1, logl=-3850.23, epsilon=0.01, nstuck=0, ndel=0
#chr=A, run=1, it=2, logl=-1912.02, epsilon=0.01, nstuck=0, ndel=0
#chr=A, run=1, it=3, logl=-1475.49, epsilon=0.01, nstuck=0, ndel=0
#chr=A, run=1, it=4, logl=-1475.49, epsilon=0.01, nstuck=5, ndel=0
#chr=A, run=2, it=1, logl=-3688.53, epsilon=0.01, nstuck=0, ndel=0
#chr=A, run=2, it=2, logl=-1705.54, epsilon=0.01, nstuck=0, ndel=0
#chr=A, run=2, it=3, logl=-1475.49, epsilon=0.01, nstuck=0, ndel=0
#chr=A, run=2, it=4, logl=-1475.49, epsilon=0.01, nstuck=5, ndel=0
#chr=A, run=3, it=1, logl=-3542.83, epsilon=0.01, nstuck=0, ndel=0
#chr=A, run=3, it=2, logl=-2365.51, epsilon=0.01, nstuck=0, ndel=0
#chr=A, run=3, it=3, logl=-1635.61, epsilon=0.01, nstuck=0, ndel=0
#chr=A, run=3, it=4, logl=-1505.39, epsilon=0.01, nstuck=0, ndel=0
#chr=A, run=3, it=5, logl=-1475.49, epsilon=0.01, nstuck=0, ndel=0
#chr=A, run=3, it=6, logl=-1475.49, epsilon=0.01, nstuck=5, ndel=0
#chr=A, #marker=120, done, elapsed=17.0 seconds, #mismatch(run1 ~ runs) = [0, 0, 0]
parentphased file: example_output_parentphased.csv
End, 2020-12-08T11:47:15.759, time elapsed = 17.0 seconds by polyPhase
--------------------------------maprefinning--------------------------------
PolyOrigin, polyReconstruct!, 2020-12-08T11:47:15.761
list of option values: 
epsilon = 0.01
seqerr = 0.001
chrpairing = 44
chrsubset = all chromosomes
snpsubset = all markers
isparallel = false
correctthreshold = 0.15
missingstring = NA
outstem = not save to files
logfile = IOStream(<file C:\Chaozhi\Workspace\JuliaWorkspace\Workspace_Polyploid\PolyOrigin_Examples\example\example_output.log>)
workdir = C:\Chaozhi\Workspace\JuliaWorkspace\Workspace_Polyploid\PolyOrigin_Examples\example
verbose = true
#chr=A, it=1, <eps>=0.0284, #dose_diff=4, #phase_diff=4, #error_diff=68.0
#chr=A, it=2, <eps>=0.013, no_error_correction
End, 2020-12-08T11:47:25.826, time elapsed = 10.0 seconds by polyReconstruct!
PolyOrigin, polyMapRefine, logfile=IOStream(<file C:\Chaozhi\Workspace\JuliaWorkspace\Workspace_Polyploid\PolyOrigin_Examples\example\example_output.log>), 2020-12-08T11:47:25.827
list of option values: 
epsilon = 0.01
chrpairing = 44
chrsubset = all chromosomes
snpsubset = all markers
isparallel = false
maxwinsize = 50
inittemperature = 4
coolingrate = 0.5
stripdis = 20
maxepsilon = 0.5
skeletonsize = 50
outstem = example_output
logfile = IOStream(<file C:\Chaozhi\Workspace\JuliaWorkspace\Workspace_Polyploid\PolyOrigin_Examples\example\example_output.log>)
workdir = C:\Chaozhi\Workspace\JuliaWorkspace\Workspace_Polyploid\PolyOrigin_Examples\example
verbose = true
no offspring excluded
#chr=A, it=1, logl=-1156.0, len=112.9, ndel=0, <eps>=0.0208, win=16, T=4.0
#chr=A, it=2, logl=-1098.6, len=112.6, ndel=0, <eps>=0.018, win=8, T=2.0
#chr=A, it=3, logl=-1056.7, len=108.1, ndel=0, <eps>=0.0179, win=7, T=1.0
#chr=A, it=4, logl=-1045.3, len=104.4, ndel=0, <eps>=0.0171, win=5, T=0.5
#chr=A, it=5, logl=-1033.9, len=105.2, ndel=0, <eps>=0.0153, win=2, T=0.25
#chr=A, it=6, logl=-1025.1, len=104.3, ndel=0
#chr=A, it=7, logl=-1024.2, len=104.7, ndel=0
#chr=A, it=1, logl=-691.2, len=98.5, skeleton=50, <eps>=0.0137
#chr=A, it=2, logl=-696.8, len=101.3, skeleton=50, <eps>=0.0171
#chr=A, it=3, logl=-697.4, len=101.5, skeleton=50, <eps>=0.0173
#chr=A, it=4, logl=-697.4, len=101.8, skeleton=50, <eps>=0.0173
#chr=A, it=5, logl=-697.3, len=101.9, skeleton=50, <eps>=0.0172
#chr=A, done, elapsed=34.0seconds, len=101.9cM, #marker=120
maprefined file: example_output_maprefined.csv
Kendall tau between inputmap and refinedmap = [0.9574]
End, 2020-12-08T11:47:59.834, time used = 34.0 seconds by polyMapRefine
mapcomp file: example_output_plots\example_output_mapcomp.png
-------------------------------reconstructing-------------------------------
PolyOrigin, polyReconstruct!, 2020-12-08T11:47:59.889
list of option values: 
epsilon = 0.01
seqerr = 0.001
chrpairing = 44
chrsubset = all chromosomes
snpsubset = all markers
isparallel = false
correctthreshold = 0.15
missingstring = NA
outstem = example_output
logfile = IOStream(<file C:\Chaozhi\Workspace\JuliaWorkspace\Workspace_Polyploid\PolyOrigin_Examples\example\example_output.log>)
workdir = C:\Chaozhi\Workspace\JuliaWorkspace\Workspace_Polyploid\PolyOrigin_Examples\example
verbose = true
#chr=A, it=1, <eps>=0.019, no_error_correction
no outlier offspring
parentcorrected file: example_output_parentphased_corrected.csv
polyancestry file: example_output_polyancestry.csv
genoprob file: example_output_genoprob.csv, a concise polyancestry file
postdoseprob file: example_output_postdoseprob.csv
probplot in folder: C:\Chaozhi\Workspace\JuliaWorkspace\Workspace_Polyploid\PolyOrigin_Examples\example\example_output_plots
End, 2020-12-08T11:48:08.796, time elapsed = 9.0 seconds by polyReconstruct!
----------------------------------------------------------------------------
End, 2020-12-08T11:48:08.797, total time used = 75.0 seconds by polyOrigin
============================================================================
