Julia version: 1.5.3
Status `C:\Users\zheng026\.julia\environments\v1.5\Project.toml`
  [16de7d52] PolyOrigin v0.5.3 `https://github.com/chaozhi/PolyOrigin.jl#main`
=================================polyOrigin=================================
PolyOrigin, polyOrigin, logfile=potato_output.log, 2021-01-05T20:53:10.902
list of input files: 
genofile = TableS2_dose.csv
pedfile = TableS3_ped.csv
file input/output options: 
delimchar = ,
missingstring = NA
commentstring = #
----------------------------------phasing-----------------------------------
PolyOrigin, polyPhase, logfile=IOStream(<file C:\Chaozhi\Workspace\JuliaWorkspace\Workspace_Polyploid\PolyOrigin_Examples\tetraploid_realpotato\potato_output.log>), 2021-01-05T20:54:05.357
list of option values: 
epsilon = 0.01
seqerr = 0.001
chrpairing_phase = 22
byparent = true for simple biparental cross
byneighbor = true for max(ploidy) >= 6
chrsubset = 1:4
snpsubset = 1:5:996
isparallel = true
delmarker = true
delsiglevel = 0.05
maxstuck = 5
maxiter = 30
minrun = 3
maxrun = 10
refhapfile = nothing
missingstring = NA
outstem = potato_output
logfile = IOStream(<file C:\Chaozhi\Workspace\JuliaWorkspace\Workspace_Polyploid\PolyOrigin_Examples\tetraploid_realpotato\potato_output.log>)
workdir = C:\Chaozhi\Workspace\JuliaWorkspace\Workspace_Polyploid\PolyOrigin_Examples\tetraploid_realpotato
verbose = true
data: #pop=3, #parent=3, #offspring=434, #chr=12, #marker=5078
phasing connected parents: W6511-1R, VillettaRose, W9914-1R
#chr=1, procs=2, run=1, it=1, logl=-56748.39, epsilon=0.01, nstuck=0, ndel=0
#chr=1, procs=2, run=1, it=2, logl=-34042.27, epsilon=0.01, nstuck=0, ndel=0
#chr=1, procs=2, run=1, it=3, logl=-28713.11, epsilon=0.01, nstuck=0, ndel=0
#chr=1, procs=2, run=1, it=4, logl=-27570.27, epsilon=0.01, nstuck=0, ndel=0
#chr=1, procs=2, run=1, it=5, logl=-27570.27, epsilon=0.01, nstuck=1, ndel=0
#chr=1, procs=2, run=1, it=6, logl=-25535.78, epsilon=0.0398, nstuck=0, ndel=2
#chr=1, procs=2, run=1, it=7, logl=-25535.5, epsilon=0.0398, nstuck=0, ndel=2
#chr=1, procs=2, run=1, it=8, logl=-25521.52, epsilon=0.0398, nstuck=0, ndel=2
#chr=1, procs=2, run=1, it=9, logl=-25521.52, epsilon=0.0398, nstuck=2, ndel=2
#chr=1, procs=2, run=1, it=10, logl=-25521.52, epsilon=0.0398, nstuck=4, ndel=2
#chr=1, procs=2, run=1, it=11, logl=-25521.52, epsilon=0.0398, nstuck=6, ndel=2
#chr=1, procs=2, run=2, it=1, logl=-58355.36, epsilon=0.01, nstuck=0, ndel=0
#chr=1, procs=2, run=2, it=2, logl=-35106.1, epsilon=0.01, nstuck=0, ndel=0
#chr=1, procs=2, run=2, it=3, logl=-30997.28, epsilon=0.01, nstuck=0, ndel=0
#chr=1, procs=2, run=2, it=4, logl=-28985.05, epsilon=0.01, nstuck=0, ndel=0
#chr=1, procs=2, run=2, it=5, logl=-28175.4, epsilon=0.01, nstuck=0, ndel=0
#chr=1, procs=2, run=2, it=6, logl=-28175.4, epsilon=0.01, nstuck=1, ndel=0
#chr=1, procs=2, run=2, it=7, logl=-25520.59, epsilon=0.039, nstuck=0, ndel=2
#chr=1, procs=2, run=2, it=8, logl=-25520.59, epsilon=0.039, nstuck=1, ndel=2
#chr=1, procs=2, run=2, it=9, logl=-25520.59, epsilon=0.039, nstuck=2, ndel=2
#chr=1, procs=2, run=2, it=10, logl=-25518.72, epsilon=0.039, nstuck=0, ndel=2
#chr=1, procs=2, run=2, it=11, logl=-25518.72, epsilon=0.039, nstuck=1, ndel=2
#chr=1, procs=2, run=2, it=12, logl=-25518.72, epsilon=0.039, nstuck=2, ndel=2
#chr=1, procs=2, run=2, it=13, logl=-25518.72, epsilon=0.039, nstuck=3, ndel=2
#chr=1, procs=2, run=2, it=14, logl=-25518.72, epsilon=0.039, nstuck=4, ndel=2
#chr=1, procs=2, run=2, it=15, logl=-25518.72, epsilon=0.039, nstuck=5, ndel=2
#chr=1, procs=2, run=3, it=1, logl=-57250.55, epsilon=0.01, nstuck=0, ndel=0
#chr=1, procs=2, run=3, it=2, logl=-34189.07, epsilon=0.01, nstuck=0, ndel=0
#chr=1, procs=2, run=3, it=3, logl=-31267.34, epsilon=0.01, nstuck=0, ndel=0
#chr=1, procs=2, run=3, it=4, logl=-29701.48, epsilon=0.01, nstuck=0, ndel=0
#chr=1, procs=2, run=3, it=5, logl=-28162.0, epsilon=0.01, nstuck=0, ndel=0
#chr=1, procs=2, run=3, it=6, logl=-28162.0, epsilon=0.01, nstuck=1, ndel=0
#chr=1, procs=2, run=3, it=7, logl=-25514.04, epsilon=0.0389, nstuck=0, ndel=2
#chr=1, procs=2, run=3, it=8, logl=-25503.23, epsilon=0.0389, nstuck=0, ndel=2
#chr=1, procs=2, run=3, it=9, logl=-25503.23, epsilon=0.0389, nstuck=1, ndel=2
#chr=1, procs=2, run=3, it=10, logl=-25503.23, epsilon=0.0389, nstuck=2, ndel=2
#chr=1, procs=2, run=3, it=11, logl=-25503.23, epsilon=0.0389, nstuck=3, ndel=2
#chr=1, procs=2, run=3, it=12, logl=-25503.23, epsilon=0.0389, nstuck=4, ndel=2
#chr=1, procs=2, run=3, it=13, logl=-25503.23, epsilon=0.0389, nstuck=5, ndel=2
#chr=1, procs=2, #marker=144, done, elapsed=470.0 seconds, #mismatch(run3 ~ runs) = [0, 0, 0]
#chr=2, procs=3, run=1, it=1, logl=-33597.9, epsilon=0.01, nstuck=0, ndel=0
#chr=2, procs=3, run=1, it=2, logl=-20861.01, epsilon=0.01, nstuck=0, ndel=0
#chr=2, procs=3, run=1, it=3, logl=-19287.97, epsilon=0.01, nstuck=0, ndel=0
#chr=2, procs=3, run=1, it=4, logl=-17843.69, epsilon=0.01, nstuck=0, ndel=0
#chr=2, procs=3, run=1, it=5, logl=-17843.69, epsilon=0.01, nstuck=1, ndel=0
#chr=2, procs=3, run=1, it=6, logl=-16586.09, epsilon=0.031, nstuck=0, ndel=1
#chr=2, procs=3, run=1, it=7, logl=-16570.1, epsilon=0.031, nstuck=0, ndel=1
#chr=2, procs=3, run=1, it=8, logl=-16568.4, epsilon=0.031, nstuck=0, ndel=1
#chr=2, procs=3, run=1, it=9, logl=-16568.4, epsilon=0.031, nstuck=1, ndel=1
#chr=2, procs=3, run=1, it=10, logl=-16568.4, epsilon=0.031, nstuck=2, ndel=1
#chr=2, procs=3, run=1, it=11, logl=-16568.4, epsilon=0.031, nstuck=3, ndel=1
#chr=2, procs=3, run=1, it=12, logl=-16568.4, epsilon=0.031, nstuck=4, ndel=1
#chr=2, procs=3, run=1, it=13, logl=-16568.4, epsilon=0.031, nstuck=5, ndel=1
#chr=2, procs=3, run=2, it=1, logl=-27675.81, epsilon=0.01, nstuck=0, ndel=0
#chr=2, procs=3, run=2, it=2, logl=-16381.43, epsilon=0.01, nstuck=0, ndel=0
#chr=2, procs=3, run=2, it=3, logl=-16381.43, epsilon=0.01, nstuck=5, ndel=0
#chr=2, procs=3, run=3, it=1, logl=-35315.21, epsilon=0.01, nstuck=0, ndel=0
#chr=2, procs=3, run=3, it=2, logl=-16862.19, epsilon=0.01, nstuck=0, ndel=0
#chr=2, procs=3, run=3, it=3, logl=-16381.43, epsilon=0.01, nstuck=0, ndel=0
#chr=2, procs=3, run=3, it=4, logl=-16381.43, epsilon=0.01, nstuck=5, ndel=0
#chr=2, procs=3, #marker=103, done, elapsed=225.0 seconds, #mismatch(run2 ~ runs) = [0, 0, 0]
#chr=3, procs=5, run=1, it=1, logl=-42427.99, epsilon=0.01, nstuck=0, ndel=0
#chr=3, procs=5, run=1, it=2, logl=-22738.89, epsilon=0.01, nstuck=0, ndel=0
#chr=3, procs=5, run=1, it=3, logl=-22680.92, epsilon=0.01, nstuck=0, ndel=0
#chr=3, procs=5, run=1, it=4, logl=-20106.87, epsilon=0.01, nstuck=0, ndel=0
#chr=3, procs=5, run=1, it=5, logl=-19009.21, epsilon=0.01, nstuck=0, ndel=0
#chr=3, procs=5, run=1, it=6, logl=-19009.21, epsilon=0.01, nstuck=5, ndel=0
#chr=3, procs=5, run=2, it=1, logl=-37793.22, epsilon=0.01, nstuck=0, ndel=0
#chr=3, procs=5, run=2, it=2, logl=-24350.31, epsilon=0.01, nstuck=0, ndel=0
#chr=3, procs=5, run=2, it=3, logl=-21613.08, epsilon=0.01, nstuck=0, ndel=0
#chr=3, procs=5, run=2, it=4, logl=-20421.52, epsilon=0.01, nstuck=0, ndel=0
#chr=3, procs=5, run=2, it=5, logl=-20421.52, epsilon=0.01, nstuck=5, ndel=0
#chr=3, procs=5, run=3, it=1, logl=-36489.63, epsilon=0.01, nstuck=0, ndel=0
#chr=3, procs=5, run=3, it=2, logl=-22324.18, epsilon=0.01, nstuck=0, ndel=0
#chr=3, procs=5, run=3, it=3, logl=-19882.0, epsilon=0.01, nstuck=0, ndel=0
#chr=3, procs=5, run=3, it=4, logl=-19143.09, epsilon=0.01, nstuck=0, ndel=0
#chr=3, procs=5, run=3, it=5, logl=-18732.36, epsilon=0.01, nstuck=0, ndel=0
#chr=3, procs=5, run=3, it=6, logl=-17554.16, epsilon=0.01, nstuck=0, ndel=0
#chr=3, procs=5, run=3, it=7, logl=-17554.16, epsilon=0.01, nstuck=5, ndel=0
#chr=3, procs=5, run=4, it=1, logl=-35158.5, epsilon=0.01, nstuck=0, ndel=0
#chr=3, procs=5, run=4, it=2, logl=-19503.74, epsilon=0.01, nstuck=0, ndel=0
#chr=3, procs=5, run=4, it=3, logl=-17554.16, epsilon=0.01, nstuck=0, ndel=0
#chr=3, procs=5, run=4, it=4, logl=-17554.16, epsilon=0.01, nstuck=5, ndel=0
#chr=3, procs=5, run=5, it=1, logl=-39056.17, epsilon=0.01, nstuck=0, ndel=0
#chr=3, procs=5, run=5, it=2, logl=-25600.21, epsilon=0.01, nstuck=0, ndel=0
#chr=3, procs=5, run=5, it=3, logl=-22206.76, epsilon=0.01, nstuck=0, ndel=0
#chr=3, procs=5, run=5, it=4, logl=-21539.82, epsilon=0.01, nstuck=0, ndel=0
#chr=3, procs=5, run=5, it=5, logl=-21539.82, epsilon=0.01, nstuck=1, ndel=0
#chr=3, procs=5, run=5, it=6, logl=-20254.44, epsilon=0.0388, nstuck=0, ndel=2
#chr=3, procs=5, run=5, it=7, logl=-18499.2, epsilon=0.0388, nstuck=0, ndel=2
#chr=3, procs=5, run=5, it=8, logl=-17689.47, epsilon=0.0388, nstuck=0, ndel=2
#chr=3, procs=5, run=5, it=9, logl=-17689.47, epsilon=0.0388, nstuck=1, ndel=2
#chr=3, procs=5, run=5, it=10, logl=-17682.53, epsilon=0.0388, nstuck=0, ndel=2
#chr=3, procs=5, run=5, it=11, logl=-17682.53, epsilon=0.0388, nstuck=1, ndel=2
#chr=3, procs=5, run=5, it=12, logl=-17681.56, epsilon=0.0388, nstuck=0, ndel=2
#chr=3, procs=5, run=5, it=13, logl=-17676.73, epsilon=0.0388, nstuck=0, ndel=2
#chr=3, procs=5, run=5, it=14, logl=-17676.73, epsilon=0.0388, nstuck=1, ndel=2
#chr=3, procs=5, run=5, it=15, logl=-17676.73, epsilon=0.0388, nstuck=2, ndel=2
#chr=3, procs=5, run=5, it=16, logl=-17676.73, epsilon=0.0388, nstuck=3, ndel=2
#chr=3, procs=5, run=5, it=17, logl=-17676.73, epsilon=0.0388, nstuck=4, ndel=2
#chr=3, procs=5, run=5, it=18, logl=-17676.73, epsilon=0.0388, nstuck=5, ndel=2
#chr=3, procs=5, #marker=105, done, elapsed=369.0 seconds, #mismatch(run3 ~ runs) = [14, 19, 0, 0, 0]
#chr=4, procs=4, run=1, it=1, logl=-29322.95, epsilon=0.01, nstuck=0, ndel=0
#chr=4, procs=4, run=1, it=2, logl=-19306.39, epsilon=0.01, nstuck=0, ndel=0
#chr=4, procs=4, run=1, it=3, logl=-14995.71, epsilon=0.01, nstuck=0, ndel=0
#chr=4, procs=4, run=1, it=4, logl=-14995.71, epsilon=0.01, nstuck=5, ndel=0
#chr=4, procs=4, run=2, it=1, logl=-25556.67, epsilon=0.01, nstuck=0, ndel=0
#chr=4, procs=4, run=2, it=2, logl=-15444.42, epsilon=0.01, nstuck=0, ndel=0
#chr=4, procs=4, run=2, it=3, logl=-14995.71, epsilon=0.01, nstuck=0, ndel=0
#chr=4, procs=4, run=2, it=4, logl=-14995.71, epsilon=0.01, nstuck=5, ndel=0
#chr=4, procs=4, run=3, it=1, logl=-34992.78, epsilon=0.01, nstuck=0, ndel=0
#chr=4, procs=4, run=3, it=2, logl=-19449.33, epsilon=0.01, nstuck=0, ndel=0
#chr=4, procs=4, run=3, it=3, logl=-18757.4, epsilon=0.01, nstuck=0, ndel=0
#chr=4, procs=4, run=3, it=4, logl=-15933.95, epsilon=0.01, nstuck=0, ndel=0
#chr=4, procs=4, run=3, it=5, logl=-14995.71, epsilon=0.01, nstuck=0, ndel=0
#chr=4, procs=4, run=3, it=6, logl=-14995.71, epsilon=0.01, nstuck=5, ndel=0
#chr=4, procs=4, #marker=93, done, elapsed=148.0 seconds, #mismatch(run1 ~ runs) = [0, 0, 0]
delete 2 markers: solcap_snp_c2_32334, solcap_snp_c2_54581
parentphased file: potato_output_parentphased.csv
End, 2021-01-05T21:02:14.132, time elapsed = 489.0 seconds by polyPhase
--------------------------------maprefinning--------------------------------
PolyOrigin, polyReconstruct!, 2021-01-05T21:02:14.351
list of option values: 
epsilon = 0.01
seqerr = 0.001
chrpairing = 44
chrsubset = all chromosomes
snpsubset = all markers
isparallel = true
correctthreshold = 0.15
missingstring = NA
outstem = not save to files
logfile = IOStream(<file C:\Chaozhi\Workspace\JuliaWorkspace\Workspace_Polyploid\PolyOrigin_Examples\tetraploid_realpotato\potato_output.log>)
workdir = C:\Chaozhi\Workspace\JuliaWorkspace\Workspace_Polyploid\PolyOrigin_Examples\tetraploid_realpotato
verbose = true
#chr=1, procs=4, it=1, <eps>=0.0259, no_error_correction
#chr=2, procs=3, it=1, <eps>=0.0197, no_error_correction
#chr=3, procs=5, it=1, <eps>=0.0276, #dose_diff=1, #phase_diff=1, #error_diff=36.0
#chr=3, procs=5, it=2, <eps>=0.0269, no_error_correction
#chr=4, procs=2, it=1, <eps>=0.02, no_error_correction
End, 2021-01-05T21:04:07.456, time elapsed = 113.0 seconds by polyReconstruct!
PolyOrigin, polyMapRefine, logfile=IOStream(<file C:\Chaozhi\Workspace\JuliaWorkspace\Workspace_Polyploid\PolyOrigin_Examples\tetraploid_realpotato\potato_output.log>), 2021-01-05T21:04:07.459
list of option values: 
epsilon = 0.01
chrpairing = 44
chrsubset = all chromosomes
snpsubset = all markers
isparallel = true
maxwinsize = 50
inittemperature = 4
coolingrate = 0.5
stripdis = 20
maxepsilon = 0.5
skeletonsize = 50
outstem = potato_output
logfile = IOStream(<file C:\Chaozhi\Workspace\JuliaWorkspace\Workspace_Polyploid\PolyOrigin_Examples\tetraploid_realpotato\potato_output.log>)
workdir = C:\Chaozhi\Workspace\JuliaWorkspace\Workspace_Polyploid\PolyOrigin_Examples\tetraploid_realpotato
verbose = true
exclude 1 outlier offspring: W15268-67R
#chr=1, procs=2, it=1, logl=-18471.7, len=228.7, ndel=0, <eps>=0.0221
#chr=1, procs=2, it=2, logl=-17891.3, len=152.9, ndel=0, <eps>=0.0242
#chr=1, procs=2, it=3, logl=-17915.6, len=163.7, ndel=0, <eps>=0.024
#chr=1, procs=2, it=4, logl=-17912.3, len=161.9, ndel=0
#chr=1, procs=2, it=5, logl=-17912.0, len=162.3, ndel=0
#chr=1, procs=2, it=1, logl=-9504.8, len=144.5, skeleton=50, <eps>=0.015
#chr=1, procs=2, it=2, logl=-9513.1, len=149.2, skeleton=50, <eps>=0.0158
#chr=1, procs=2, it=3, logl=-9509.6, len=147.8, skeleton=50, <eps>=0.0155
#chr=1, procs=2, it=4, logl=-9512.2, len=148.7, skeleton=50, <eps>=0.0156
#chr=1, procs=2, it=5, logl=-9512.1, len=148.6, skeleton=50, <eps>=0.0156
#chr=1, procs=2, done, elapsed=201.0seconds, len=148.6cM, #marker=142
#chr=2, procs=3, it=1, logl=-12379.5, len=155.1, ndel=0, <eps>=0.0165
#chr=2, procs=3, it=2, logl=-12070.6, len=105.6, ndel=0, <eps>=0.018
#chr=2, procs=3, it=3, logl=-12083.9, len=114.6, ndel=0, <eps>=0.0179
#chr=2, procs=3, it=4, logl=-12082.8, len=112.4, ndel=0
#chr=2, procs=3, it=5, logl=-12082.7, len=113.1, ndel=0
#chr=2, procs=3, it=1, logl=-8169.0, len=103.5, skeleton=50, <eps>=0.014
#chr=2, procs=3, it=2, logl=-8167.4, len=105.9, skeleton=50, <eps>=0.0141
#chr=2, procs=3, it=3, logl=-8168.3, len=105.4, skeleton=50, <eps>=0.0142
#chr=2, procs=3, it=4, logl=-8168.5, len=105.3, skeleton=50, <eps>=0.0142
#chr=2, procs=3, it=5, logl=-8168.0, len=105.3, skeleton=50, <eps>=0.0142
#chr=2, procs=3, done, elapsed=147.0seconds, len=105.3cM, #marker=103
#chr=3, procs=4, it=1, logl=-14339.6, len=184.7, ndel=0, <eps>=0.0239
#chr=3, procs=4, it=2, logl=-13795.9, len=122.5, ndel=0, <eps>=0.0257
#chr=3, procs=4, it=3, logl=-13789.5, len=127.3, ndel=0, <eps>=0.0257
#chr=3, procs=4, it=4, logl=-13790.0, len=126.6, ndel=0
#chr=3, procs=4, it=5, logl=-13789.9, len=126.8, ndel=0
#chr=3, procs=4, it=1, logl=-8649.7, len=116.7, skeleton=50, <eps>=0.0186
#chr=3, procs=4, it=2, logl=-8653.8, len=119.3, skeleton=50, <eps>=0.019
#chr=3, procs=4, it=3, logl=-8650.6, len=118.9, skeleton=50, <eps>=0.0188
#chr=3, procs=4, it=4, logl=-8651.1, len=119.0, skeleton=50, <eps>=0.0188
#chr=3, procs=4, it=5, logl=-8650.9, len=119.0, skeleton=50, <eps>=0.0188
#chr=3, procs=4, done, elapsed=143.0seconds, len=119.0cM, #marker=105
#chr=4, procs=5, it=1, logl=-11871.7, len=165.7, ndel=0, <eps>=0.0166
#chr=4, procs=5, it=2, logl=-11623.8, len=122.5, ndel=0, <eps>=0.0184
#chr=4, procs=5, it=3, logl=-11647.5, len=129.7, ndel=0, <eps>=0.0184
#chr=4, procs=5, it=4, logl=-11648.1, len=127.5, ndel=0
#chr=4, procs=5, it=5, logl=-11648.0, len=128.0, ndel=0
#chr=4, procs=5, it=1, logl=-7927.2, len=116.8, skeleton=50, <eps>=0.0132
#chr=4, procs=5, it=2, logl=-7932.6, len=120.8, skeleton=50, <eps>=0.0137
#chr=4, procs=5, it=3, logl=-7931.3, len=120.0, skeleton=50, <eps>=0.0136
#chr=4, procs=5, it=4, logl=-7931.1, len=120.2, skeleton=50, <eps>=0.0135
#chr=4, procs=5, it=5, logl=-7930.5, len=120.5, skeleton=50, <eps>=0.0135
#chr=4, procs=5, done, elapsed=134.0seconds, len=120.5cM, #marker=93
maprefined file: potato_output_maprefined.csv
Kendall tau between inputmap and refinedmap = [1.0, 1.0, 1.0, 1.0]
End, 2021-01-05T21:07:37.982, time used = 211.0 seconds by polyMapRefine
-------------------------------reconstructing-------------------------------
PolyOrigin, polyReconstruct!, 2021-01-05T21:07:37.984
list of option values: 
epsilon = 0.01
seqerr = 0.001
chrpairing = 44
chrsubset = all chromosomes
snpsubset = all markers
isparallel = true
correctthreshold = 0.15
missingstring = NA
outstem = potato_output
logfile = IOStream(<file C:\Chaozhi\Workspace\JuliaWorkspace\Workspace_Polyploid\PolyOrigin_Examples\tetraploid_realpotato\potato_output.log>)
workdir = C:\Chaozhi\Workspace\JuliaWorkspace\Workspace_Polyploid\PolyOrigin_Examples\tetraploid_realpotato
verbose = true
#chr=1, procs=5, it=1, <eps>=0.0246, no_error_correction
#chr=2, procs=4, it=1, <eps>=0.0183, no_error_correction
#chr=3, procs=3, it=1, <eps>=0.0263, #dose_diff=1, #phase_diff=1, #error_diff=36.0
#chr=3, procs=3, it=2, <eps>=0.0254, no_error_correction
#chr=4, procs=2, it=1, <eps>=0.0191, no_error_correction
no outlier offspring
parentcorrected file: potato_output_parentphased_corrected.csv
polyancestry file: potato_output_polyancestry.csv
genoprob file: potato_output_genoprob.csv, a concise polyancestry file
postdoseprob file: potato_output_postdoseprob.csv
End, 2021-01-05T21:09:01.766, time elapsed = 84.0 seconds by polyReconstruct!
----------------------------------------------------------------------------
End, 2021-01-05T21:09:01.767, total time used = 951.0 seconds by polyOrigin
============================================================================
